android/app/build/intermediates/manifest_merge_blame_file/debug/manifest-merger-blame-debug-report.txt
1<?xml version="1.0" encoding="utf-8"?>
2<manifest xmlns:android="http://schemas.android.com/apk/res/android"
3    package="com.demoproject"
4    android:versionCode="1"
5    android:versionName="1.0" >
6
7    <uses-sdk
8        android:minSdkVersion="16"
9        android:targetSdkVersion="29" />
10
11    <uses-permission android:name="android.permission.SYSTEM_ALERT_WINDOW" />
11-->src/debug/AndroidManifest.xml:5:5-77
11-->src/debug/AndroidManifest.xml:5:22-75
12    <uses-permission android:name="android.permission.INTERNET" />
12-->src/main/AndroidManifest.xml:4:5-67
12-->src/main/AndroidManifest.xml:4:22-64
13    <uses-permission android:name="android.permission.ACCESS_WIFI_STATE" />
13-->[com.facebook.flipper:flipper:0.54.0] AndroidManifest.xml:16:5-76
13-->[com.facebook.flipper:flipper:0.54.0] AndroidManifest.xml:16:22-73
14
15    <application
15-->src/main/AndroidManifest.xml:6:5-31:19
16        android:name="com.demoproject.MainApplication"
16-->src/main/AndroidManifest.xml:7:9-40
17        android:allowBackup="false"
17-->src/main/AndroidManifest.xml:8:9-36
18        android:appComponentFactory="androidx.core.app.CoreComponentFactory"
18-->[androidx.core:core:1.1.0] AndroidManifest.xml:24:18-86
19        android:debuggable="true"
20        android:icon="@mipmap/ic_launcher"
20-->src/main/AndroidManifest.xml:9:9-43
21        android:label="@string/app_name"
21-->src/main/AndroidManifest.xml:10:9-41
22        android:roundIcon="@mipmap/ic_launcher_round"
22-->src/main/AndroidManifest.xml:11:9-54
23        android:testOnly="true"
24        android:theme="@style/AppTheme"
24-->src/main/AndroidManifest.xml:12:9-40
25        android:usesCleartextTraffic="true" >
25-->src/debug/AndroidManifest.xml:7:18-53
26        <activity
26-->src/main/AndroidManifest.xml:13:9-23:20
27            android:name="com.demoproject.MainActivity"
27-->src/main/AndroidManifest.xml:14:13-41
28            android:configChanges="keyboard|keyboardHidden|orientation|screenSize|uiMode"
28-->src/main/AndroidManifest.xml:15:13-90
29            android:label="@string/app_name"
29-->src/main/AndroidManifest.xml:16:13-45
30            android:launchMode="singleTask"
30-->src/main/AndroidManifest.xml:17:13-44
31            android:windowSoftInputMode="adjustResize" >
31-->src/main/AndroidManifest.xml:18:13-55
32            <intent-filter>
32-->src/main/AndroidManifest.xml:19:13-22:29
33                <action android:name="android.intent.action.MAIN" />
33-->src/main/AndroidManifest.xml:20:17-69
33-->src/main/AndroidManifest.xml:20:25-66
34
35                <category android:name="android.intent.category.LAUNCHER" />
35-->src/main/AndroidManifest.xml:21:17-77
35-->src/main/AndroidManifest.xml:21:27-74
36            </intent-filter>
37        </activity>
38        <activity android:name="com.facebook.react.devsupport.DevSettingsActivity" />
38-->src/main/AndroidManifest.xml:24:9-86
38-->src/main/AndroidManifest.xml:24:19-83
39        <activity android:name="com.demoproject.activities.CounterActivity" />
39-->src/main/AndroidManifest.xml:25:9-64
39-->src/main/AndroidManifest.xml:25:19-61
40        <activity android:name="com.demoproject.activities.ListActivity" />
40-->src/main/AndroidManifest.xml:26:9-61
40-->src/main/AndroidManifest.xml:26:19-58
41        <activity android:name="com.demoproject.activities.AsyncDemoActivity" />
41-->src/main/AndroidManifest.xml:27:9-65
41-->src/main/AndroidManifest.xml:27:19-63
42        <activity android:name="com.demoproject.activities.CounterReduxActivity" />
42-->src/main/AndroidManifest.xml:28:9-68
42-->src/main/AndroidManifest.xml:28:19-66
43        <activity android:name="com.demoproject.activities.CitiesActivity" />
43-->src/main/AndroidManifest.xml:29:9-62
43-->src/main/AndroidManifest.xml:29:19-60
44        <activity android:name="com.demoproject.activities.HotelsActivity" />
44-->src/main/AndroidManifest.xml:30:9-62
44-->src/main/AndroidManifest.xml:30:19-60
45    </application>
46
47</manifest>